<?xml version="1.0" encoding="UTF-8"?>
<testsuite xmlns:xsi="http://www.w3.org/2001/XMLSchema-instance" xsi:noNamespaceSchemaLocation="https://maven.apache.org/surefire/maven-surefire-plugin/xsd/surefire-test-report.xsd" name="pl.put.poznan.transformer.rest.JsonHomeTest" time="0.002" tests="7" errors="0" skipped="0" failures="4">
  <properties>
[...]
</properties>
  <testcase name="testPost6_DeleteAttributes" classname="pl.put.poznan.transformer.rest.JsonHomeTest" time="0.001">
    <failure message="expected: &lt;{&#10;  &quot;city&quot; : &quot;Florida&quot;&#10;}&gt; but was: &lt;{&#10;  &quot;city&quot; : &quot;Florida&quot;&#10;}&gt;" type="org.opentest4j.AssertionFailedError"><![CDATA[org.opentest4j.AssertionFailedError: 
expected: <{
  "city" : "Florida"
}> but was: <{
  "city" : "Florida"
}>
	at pl.put.poznan.transformer.rest.JsonHomeTest.testPost6_DeleteAttributes(JsonHomeTest.java:120)
]]></failure>
    <system-out><![CDATA[14:13:40.103 [main] INFO pl.put.poznan.transformer.rest.JsonHome - Form request for delete
]]></system-out>
  </testcase>
  <testcase name="testPost5_SelectAttributesSomwWrong" classname="pl.put.poznan.transformer.rest.JsonHomeTest" time="0">
    <failure message="expected: &lt;{&#10;  &quot;city&quot; : &quot;Florida&quot;&#10;}&gt; but was: &lt;{&#10;  &quot;city&quot; : &quot;Florida&quot;&#10;}&gt;" type="org.opentest4j.AssertionFailedError"><![CDATA[org.opentest4j.AssertionFailedError: 
expected: <{
  "city" : "Florida"
}> but was: <{
  "city" : "Florida"
}>
	at pl.put.poznan.transformer.rest.JsonHomeTest.testPost5_SelectAttributesSomwWrong(JsonHomeTest.java:100)
]]></failure>
    <system-out><![CDATA[14:13:40.107 [main] INFO pl.put.poznan.transformer.rest.JsonHome - Form request for select
]]></system-out>
  </testcase>
  <testcase name="testPost4_SelectAttributesEmpty" classname="pl.put.poznan.transformer.rest.JsonHomeTest" time="0"/>
  <testcase name="testPost3_SelectAttributes" classname="pl.put.poznan.transformer.rest.JsonHomeTest" time="0">
    <failure message="expected: &lt;{&#10;  &quot;city&quot; : &quot;Florida&quot;&#10;}&gt; but was: &lt;{&#10;  &quot;city&quot; : &quot;Florida&quot;&#10;}&gt;" type="org.opentest4j.AssertionFailedError"><![CDATA[org.opentest4j.AssertionFailedError: 
expected: <{
  "city" : "Florida"
}> but was: <{
  "city" : "Florida"
}>
	at pl.put.poznan.transformer.rest.JsonHomeTest.testPost3_SelectAttributes(JsonHomeTest.java:59)
]]></failure>
    <system-out><![CDATA[14:13:40.110 [main] INFO pl.put.poznan.transformer.rest.JsonHome - Form request for select
]]></system-out>
  </testcase>
  <testcase name="testPost7_DeleteAttributesEmpty" classname="pl.put.poznan.transformer.rest.JsonHomeTest" time="0"/>
  <testcase name="testPost1_FullJson" classname="pl.put.poznan.transformer.rest.JsonHomeTest" time="0">
    <failure message="expected: &lt;{&#10;  &quot;first name&quot; : &quot;John&quot;,&#10;  &quot;city&quot; : &quot;Florida&quot;,&#10;  &quot;age&quot; : &quot;22&quot;&#10;}&gt; but was: &lt;{&#10;  &quot;first name&quot; : &quot;John&quot;,&#10;  &quot;city&quot; : &quot;Florida&quot;,&#10;  &quot;age&quot; : &quot;22&quot;&#10;}&gt;" type="org.opentest4j.AssertionFailedError"><![CDATA[org.opentest4j.AssertionFailedError: 
expected: <{
  "first name" : "John",
  "city" : "Florida",
  "age" : "22"
}> but was: <{
  "first name" : "John",
  "city" : "Florida",
  "age" : "22"
}>
	at pl.put.poznan.transformer.rest.JsonHomeTest.testPost1_FullJson(JsonHomeTest.java:23)
]]></failure>
    <system-out><![CDATA[14:13:40.115 [main] INFO pl.put.poznan.transformer.rest.JsonHome - Form request for full json
{
  "first name" : "John",
  "city" : "Florida",
  "age" : "22"
}
]]></system-out>
  </testcase>
  <testcase name="testPost2_MinifyJson" classname="pl.put.poznan.transformer.rest.JsonHomeTest" time="0"/>
</testsuite>